<?xml version="1.0" encoding="UTF-8"?>
<!-- Generated by org.testng.reporters.JUnitReportReporter -->
<testsuite hostname="uday-PC" failures="0" tests="1" name="com.amazon.testcases.AmazonHomePageTest" time="12.927" errors="0" timestamp="2019-12-25T12:55:10 IST" skipped="0">
  <testcase classname="com.amazon.testcases.AmazonHomePageTest" name="searchIphone" time="12.927"/>
</testsuite> <!-- com.amazon.testcases.AmazonHomePageTest -->
