<?xml version="1.0" encoding="UTF-8"?>
<!-- Generated by org.testng.reporters.JUnitReportReporter -->
<testsuite hostname="uday-PC" failures="0" tests="1" name="Com.TestCases.LoginTestCRM" time="7.151" errors="0" timestamp="2019-11-30T12:29:28 IST" skipped="0">
  <testcase classname="Com.TestCases.LoginTestCRM" name="loginApp" time="7.151"/>
</testsuite> <!-- Com.TestCases.LoginTestCRM -->
